<?xml version="1.0" encoding="UTF-8"?>
<testng-results skipped="0" failed="0" ignored="0" total="1" passed="1">
  <reporter-output>
  </reporter-output>
  <suite name="Default suite" duration-ms="30144" started-at="2021-02-15T17:20:12Z" finished-at="2021-02-15T17:20:42Z">
    <groups>
    </groups>
    <test name="Default test" duration-ms="30144" started-at="2021-02-15T17:20:12Z" finished-at="2021-02-15T17:20:42Z">
      <class name="com.msp.testscripts.AddtoWishlist">
        <test-method status="PASS" signature="openApp()[pri:0, instance:com.msp.testscripts.AddtoWishlist@5c3bd550]" name="openApp" is-config="true" duration-ms="9015" started-at="2021-02-15T17:20:12Z" finished-at="2021-02-15T17:20:21Z">
          <reporter-output>
          </reporter-output>
        </test-method> <!-- openApp -->
        <test-method status="PASS" signature="Testcase2()[pri:0, instance:com.msp.testscripts.AddtoWishlist@5c3bd550]" name="Testcase2" duration-ms="20045" started-at="2021-02-15T17:20:21Z" finished-at="2021-02-15T17:20:41Z">
          <reporter-output>
          </reporter-output>
        </test-method> <!-- Testcase2 -->
        <test-method status="PASS" signature="closeApp(org.testng.ITestResult)[pri:0, instance:com.msp.testscripts.AddtoWishlist@5c3bd550]" name="closeApp" is-config="true" duration-ms="1035" started-at="2021-02-15T17:20:41Z" finished-at="2021-02-15T17:20:42Z">
          <params>
            <param index="0">
              <value>
                <![CDATA[[TestResult name=Testcase2 status=SUCCESS method=AddtoWishlist.Testcase2()[pri:0, instance:com.msp.testscripts.AddtoWishlist@5c3bd550] output={null}]]]>
              </value>
            </param>
          </params>
          <reporter-output>
          </reporter-output>
        </test-method> <!-- closeApp -->
      </class> <!-- com.msp.testscripts.AddtoWishlist -->
    </test> <!-- Default test -->
  </suite> <!-- Default suite -->
</testng-results>
